<?xml version="1.0" encoding="UTF-8"?>
<!-- Generated by org.testng.reporters.JUnitReportReporter -->
<testsuite hostname="Dee-PC" name="com.packt.tests.FirstTest" tests="1" failures="0" timestamp="8 Feb 2018 23:40:01 GMT" time="15.709" errors="0">
  <testcase name="firstTestMethod" time="15.709" classname="com.packt.tests.FirstTest"/>
</testsuite> <!-- com.packt.tests.FirstTest -->
