<?xml version="1.0" encoding="UTF-8"?>
<!-- Generated by org.testng.reporters.JUnitReportReporter -->
<testsuite hostname="Dee-PC" name="com.packt.tests.Troubleshooting" tests="1" failures="0" timestamp="14 Feb 2018 19:27:10 GMT" time="10.765" errors="0">
  <testcase name="waitTest" time="10.765" classname="com.packt.tests.Troubleshooting"/>
</testsuite> <!-- com.packt.tests.Troubleshooting -->
