<?xml version="1.0" encoding="UTF-8"?>
<!-- Generated by org.testng.reporters.JUnitReportReporter -->
<testsuite hostname="Dee-PC" name="com.packt.tests.FirstTest" tests="1" failures="0" timestamp="14 Feb 2018 18:35:06 GMT" time="6.567" errors="0">
  <testcase name="firstTestMethod" time="6.567" classname="com.packt.tests.FirstTest"/>
</testsuite> <!-- com.packt.tests.FirstTest -->
