<?xml version="1.0" encoding="UTF-8"?>
<!-- Generated by org.testng.reporters.JUnitReportReporter -->
<testsuite hostname="Dee-PC" name="com.packt.tests.Troubleshooting" tests="4" failures="0" timestamp="27 Feb 2018 18:03:02 GMT" time="39.588" errors="0">
  <testcase name="visibilityTest" time="10.072" classname="com.packt.tests.Troubleshooting"/>
  <testcase name="staleElementTest" time="6.121" classname="com.packt.tests.Troubleshooting"/>
  <testcase name="otherTest" time="13.392" classname="com.packt.tests.Troubleshooting"/>
  <testcase name="waitTest" time="10.003" classname="com.packt.tests.Troubleshooting"/>
</testsuite> <!-- com.packt.tests.Troubleshooting -->
