<?xml version="1.0" encoding="UTF-8"?>
<!-- Generated by org.testng.reporters.JUnitReportReporter -->
<testsuite skipped="0" hostname="Dee-PC" name="com.packt.tests.FirstTest" tests="1" failures="0" timestamp="08 Feb 2018 00:37:01 GMT" time="7.480" errors="0">
  <testcase name="firstTestMethod" time="7.480" classname="com.packt.tests.FirstTest"/>
</testsuite> <!-- com.packt.tests.FirstTest -->
