<?xml version="1.0" encoding="UTF-8"?>
<!-- Generated by org.testng.reporters.JUnitReportReporter -->
<testsuite skipped="0" hostname="Dee-PC" name="com.packt.tests.Troubleshooting" tests="4" failures="0" timestamp="26 Feb 2018 19:50:55 GMT" time="41.096" errors="0">
  <testcase name="waitTest" time="9.631" classname="com.packt.tests.Troubleshooting"/>
  <testcase name="otherTest" time="14.929" classname="com.packt.tests.Troubleshooting"/>
  <testcase name="visibilityTest" time="10.888" classname="com.packt.tests.Troubleshooting"/>
  <testcase name="staleElementTest" time="5.648" classname="com.packt.tests.Troubleshooting"/>
</testsuite> <!-- com.packt.tests.Troubleshooting -->
