<?xml version="1.0" encoding="UTF-8"?>
<!-- Generated by org.testng.reporters.JUnitReportReporter -->
<testsuite skipped="0" hostname="Dee-PC" name="com.packt.tests.Troubleshooting" tests="1" failures="0" timestamp="15 Feb 2018 21:29:53 GMT" time="6.990" errors="0">
  <testcase name="staleElementTest" time="6.990" classname="com.packt.tests.Troubleshooting"/>
</testsuite> <!-- com.packt.tests.Troubleshooting -->
