<?xml version="1.0" encoding="UTF-8"?>
<!-- Generated by org.testng.reporters.JUnitReportReporter -->
<testsuite hostname="Dee-PC" name="com.packt.tests.Troubleshooting" tests="1" failures="0" timestamp="28 Feb 2018 21:09:36 GMT" time="9.855" errors="0">
  <testcase name="waitTest" time="9.855" classname="com.packt.tests.Troubleshooting"/>
</testsuite> <!-- com.packt.tests.Troubleshooting -->
