<?xml version="1.0" encoding="UTF-8"?>
<!-- Generated by org.testng.reporters.JUnitReportReporter -->
<testsuite skipped="0" hostname="Dee-PC" name="com.packt.tests.Troubleshooting" tests="1" failures="0" timestamp="16 Feb 2018 00:34:56 GMT" time="25.150" errors="0">
  <testcase name="otherTest" time="25.150" classname="com.packt.tests.Troubleshooting"/>
</testsuite> <!-- com.packt.tests.Troubleshooting -->
