<?xml version="1.0" encoding="UTF-8"?>
<!-- Generated by org.testng.reporters.JUnitReportReporter -->
<testsuite hostname="Dee-PC" name="com.packt.tests.Troubleshooting" tests="1" failures="0" timestamp="16 Feb 2018 01:14:20 GMT" time="17.651" errors="0">
  <testcase name="otherTest" time="17.651" classname="com.packt.tests.Troubleshooting"/>
</testsuite> <!-- com.packt.tests.Troubleshooting -->
